{"level":"Internal","timestamp":"2025-01-13T05:55:36.192Z","call chain":["Logging.lvlib:Logger.lvclass:Generate Log Record.vi","Logging.lvlib:Logger.lvclass:Log Internal.vi","Logging.lvlib:Logger.lvclass:Enable.vi","Logging.lvlib:Logger.lvclass:New.vi","Filter Test.vi"],"message":"Logger Initialized","data":{"Name":"medal","Scope":"Logging.lvlib:Scope.lvclass","Filter":"Logging.lvlib:Regex.lvclass","Handler":"Logging.lvlib:File Handler.lvclass"}}
{"level":"Info","timestamp":"2025-01-13T05:55:36.194Z","call chain":["Logging.lvlib:Logger.lvclass:Generate Log Record.vi","Logging.lvlib:Logger.lvclass:Log.vi","Logging.lvlib:Registry.lvlib:Registry.vi","Logging.lvlib:Registry.lvlib:Log.vi","Filter Test.vi"],"message":"1st","data":0}
{"level":"Info","timestamp":"2025-01-13T05:55:36.195Z","call chain":["Logging.lvlib:Logger.lvclass:Generate Log Record.vi","Logging.lvlib:Logger.lvclass:Log.vi","Logging.lvlib:Registry.lvlib:Registry.vi","Logging.lvlib:Registry.lvlib:Log.vi","Filter Test.vi"],"message":"2nd","data":1}
{"level":"Info","timestamp":"2025-01-13T05:55:36.196Z","call chain":["Logging.lvlib:Logger.lvclass:Generate Log Record.vi","Logging.lvlib:Logger.lvclass:Log.vi","Logging.lvlib:Registry.lvlib:Registry.vi","Logging.lvlib:Registry.lvlib:Log.vi","Filter Test.vi"],"message":"3rd","data":2}
{"level":"Info","timestamp":"2025-01-13T05:55:36.199Z","call chain":["Logging.lvlib:Logger.lvclass:Generate Log Record.vi","Logging.lvlib:Logger.lvclass:Log.vi","Logging.lvlib:Registry.lvlib:Registry.vi","Logging.lvlib:Registry.lvlib:Log.vi","Filter Test.vi"],"message":"1st","data":5}
{"level":"Info","timestamp":"2025-01-13T05:55:36.200Z","call chain":["Logging.lvlib:Logger.lvclass:Generate Log Record.vi","Logging.lvlib:Logger.lvclass:Log.vi","Logging.lvlib:Registry.lvlib:Registry.vi","Logging.lvlib:Registry.lvlib:Log.vi","Filter Test.vi"],"message":"2nd","data":6}
{"level":"Info","timestamp":"2025-01-13T05:55:36.201Z","call chain":["Logging.lvlib:Logger.lvclass:Generate Log Record.vi","Logging.lvlib:Logger.lvclass:Log.vi","Logging.lvlib:Registry.lvlib:Registry.vi","Logging.lvlib:Registry.lvlib:Log.vi","Filter Test.vi"],"message":"3rd","data":7}
{"level":"Info","timestamp":"2025-01-13T05:55:36.204Z","call chain":["Logging.lvlib:Logger.lvclass:Generate Log Record.vi","Logging.lvlib:Logger.lvclass:Log.vi","Logging.lvlib:Registry.lvlib:Registry.vi","Logging.lvlib:Registry.lvlib:Log.vi","Filter Test.vi"],"message":"1st","data":10}
{"level":"Info","timestamp":"2025-01-13T05:55:36.205Z","call chain":["Logging.lvlib:Logger.lvclass:Generate Log Record.vi","Logging.lvlib:Logger.lvclass:Log.vi","Logging.lvlib:Registry.lvlib:Registry.vi","Logging.lvlib:Registry.lvlib:Log.vi","Filter Test.vi"],"message":"2nd","data":11}
{"level":"Info","timestamp":"2025-01-13T05:55:36.206Z","call chain":["Logging.lvlib:Logger.lvclass:Generate Log Record.vi","Logging.lvlib:Logger.lvclass:Log.vi","Logging.lvlib:Registry.lvlib:Registry.vi","Logging.lvlib:Registry.lvlib:Log.vi","Filter Test.vi"],"message":"3rd","data":12}
{"level":"Info","timestamp":"2025-01-13T05:55:36.209Z","call chain":["Logging.lvlib:Logger.lvclass:Generate Log Record.vi","Logging.lvlib:Logger.lvclass:Log.vi","Logging.lvlib:Registry.lvlib:Registry.vi","Logging.lvlib:Registry.lvlib:Log.vi","Filter Test.vi"],"message":"1st","data":15}
{"level":"Info","timestamp":"2025-01-13T05:55:36.210Z","call chain":["Logging.lvlib:Logger.lvclass:Generate Log Record.vi","Logging.lvlib:Logger.lvclass:Log.vi","Logging.lvlib:Registry.lvlib:Registry.vi","Logging.lvlib:Registry.lvlib:Log.vi","Filter Test.vi"],"message":"2nd","data":16}
{"level":"Info","timestamp":"2025-01-13T05:55:36.211Z","call chain":["Logging.lvlib:Logger.lvclass:Generate Log Record.vi","Logging.lvlib:Logger.lvclass:Log.vi","Logging.lvlib:Registry.lvlib:Registry.vi","Logging.lvlib:Registry.lvlib:Log.vi","Filter Test.vi"],"message":"3rd","data":17}
{"level":"Info","timestamp":"2025-01-13T05:55:36.214Z","call chain":["Logging.lvlib:Logger.lvclass:Generate Log Record.vi","Logging.lvlib:Logger.lvclass:Log.vi","Logging.lvlib:Registry.lvlib:Registry.vi","Logging.lvlib:Registry.lvlib:Log.vi","Filter Test.vi"],"message":"1st","data":20}
{"level":"Info","timestamp":"2025-01-13T05:55:36.215Z","call chain":["Logging.lvlib:Logger.lvclass:Generate Log Record.vi","Logging.lvlib:Logger.lvclass:Log.vi","Logging.lvlib:Registry.lvlib:Registry.vi","Logging.lvlib:Registry.lvlib:Log.vi","Filter Test.vi"],"message":"2nd","data":21}
{"level":"Info","timestamp":"2025-01-13T05:55:36.216Z","call chain":["Logging.lvlib:Logger.lvclass:Generate Log Record.vi","Logging.lvlib:Logger.lvclass:Log.vi","Logging.lvlib:Registry.lvlib:Registry.vi","Logging.lvlib:Registry.lvlib:Log.vi","Filter Test.vi"],"message":"3rd","data":22}
{"level":"Info","timestamp":"2025-01-13T05:55:36.218Z","call chain":["Logging.lvlib:Logger.lvclass:Generate Log Record.vi","Logging.lvlib:Logger.lvclass:Log.vi","Logging.lvlib:Registry.lvlib:Registry.vi","Logging.lvlib:Registry.lvlib:Log.vi","Filter Test.vi"],"message":"1st","data":25}
{"level":"Info","timestamp":"2025-01-13T05:55:36.219Z","call chain":["Logging.lvlib:Logger.lvclass:Generate Log Record.vi","Logging.lvlib:Logger.lvclass:Log.vi","Logging.lvlib:Registry.lvlib:Registry.vi","Logging.lvlib:Registry.lvlib:Log.vi","Filter Test.vi"],"message":"2nd","data":26}
{"level":"Info","timestamp":"2025-01-13T05:55:36.220Z","call chain":["Logging.lvlib:Logger.lvclass:Generate Log Record.vi","Logging.lvlib:Logger.lvclass:Log.vi","Logging.lvlib:Registry.lvlib:Registry.vi","Logging.lvlib:Registry.lvlib:Log.vi","Filter Test.vi"],"message":"3rd","data":27}
{"level":"Info","timestamp":"2025-01-13T05:55:36.223Z","call chain":["Logging.lvlib:Logger.lvclass:Generate Log Record.vi","Logging.lvlib:Logger.lvclass:Log.vi","Logging.lvlib:Registry.lvlib:Registry.vi","Logging.lvlib:Registry.lvlib:Log.vi","Filter Test.vi"],"message":"1st","data":30}
{"level":"Info","timestamp":"2025-01-13T05:55:36.224Z","call chain":["Logging.lvlib:Logger.lvclass:Generate Log Record.vi","Logging.lvlib:Logger.lvclass:Log.vi","Logging.lvlib:Registry.lvlib:Registry.vi","Logging.lvlib:Registry.lvlib:Log.vi","Filter Test.vi"],"message":"2nd","data":31}
{"level":"Info","timestamp":"2025-01-13T05:55:36.225Z","call chain":["Logging.lvlib:Logger.lvclass:Generate Log Record.vi","Logging.lvlib:Logger.lvclass:Log.vi","Logging.lvlib:Registry.lvlib:Registry.vi","Logging.lvlib:Registry.lvlib:Log.vi","Filter Test.vi"],"message":"3rd","data":32}
{"level":"Info","timestamp":"2025-01-13T05:55:36.228Z","call chain":["Logging.lvlib:Logger.lvclass:Generate Log Record.vi","Logging.lvlib:Logger.lvclass:Log.vi","Logging.lvlib:Registry.lvlib:Registry.vi","Logging.lvlib:Registry.lvlib:Log.vi","Filter Test.vi"],"message":"1st","data":35}
{"level":"Info","timestamp":"2025-01-13T05:55:36.229Z","call chain":["Logging.lvlib:Logger.lvclass:Generate Log Record.vi","Logging.lvlib:Logger.lvclass:Log.vi","Logging.lvlib:Registry.lvlib:Registry.vi","Logging.lvlib:Registry.lvlib:Log.vi","Filter Test.vi"],"message":"2nd","data":36}
{"level":"Info","timestamp":"2025-01-13T05:55:36.230Z","call chain":["Logging.lvlib:Logger.lvclass:Generate Log Record.vi","Logging.lvlib:Logger.lvclass:Log.vi","Logging.lvlib:Registry.lvlib:Registry.vi","Logging.lvlib:Registry.lvlib:Log.vi","Filter Test.vi"],"message":"3rd","data":37}
{"level":"Info","timestamp":"2025-01-13T05:55:36.233Z","call chain":["Logging.lvlib:Logger.lvclass:Generate Log Record.vi","Logging.lvlib:Logger.lvclass:Log.vi","Logging.lvlib:Registry.lvlib:Registry.vi","Logging.lvlib:Registry.lvlib:Log.vi","Filter Test.vi"],"message":"1st","data":40}
{"level":"Info","timestamp":"2025-01-13T05:55:36.234Z","call chain":["Logging.lvlib:Logger.lvclass:Generate Log Record.vi","Logging.lvlib:Logger.lvclass:Log.vi","Logging.lvlib:Registry.lvlib:Registry.vi","Logging.lvlib:Registry.lvlib:Log.vi","Filter Test.vi"],"message":"2nd","data":41}
{"level":"Info","timestamp":"2025-01-13T05:55:36.235Z","call chain":["Logging.lvlib:Logger.lvclass:Generate Log Record.vi","Logging.lvlib:Logger.lvclass:Log.vi","Logging.lvlib:Registry.lvlib:Registry.vi","Logging.lvlib:Registry.lvlib:Log.vi","Filter Test.vi"],"message":"3rd","data":42}
{"level":"Info","timestamp":"2025-01-13T05:55:36.238Z","call chain":["Logging.lvlib:Logger.lvclass:Generate Log Record.vi","Logging.lvlib:Logger.lvclass:Log.vi","Logging.lvlib:Registry.lvlib:Registry.vi","Logging.lvlib:Registry.lvlib:Log.vi","Filter Test.vi"],"message":"1st","data":45}
{"level":"Info","timestamp":"2025-01-13T05:55:36.239Z","call chain":["Logging.lvlib:Logger.lvclass:Generate Log Record.vi","Logging.lvlib:Logger.lvclass:Log.vi","Logging.lvlib:Registry.lvlib:Registry.vi","Logging.lvlib:Registry.lvlib:Log.vi","Filter Test.vi"],"message":"2nd","data":46}
{"level":"Info","timestamp":"2025-01-13T05:55:36.240Z","call chain":["Logging.lvlib:Logger.lvclass:Generate Log Record.vi","Logging.lvlib:Logger.lvclass:Log.vi","Logging.lvlib:Registry.lvlib:Registry.vi","Logging.lvlib:Registry.lvlib:Log.vi","Filter Test.vi"],"message":"3rd","data":47}
{"level":"Info","timestamp":"2025-01-13T05:55:36.242Z","call chain":["Logging.lvlib:Logger.lvclass:Generate Log Record.vi","Logging.lvlib:Logger.lvclass:Log.vi","Logging.lvlib:Registry.lvlib:Registry.vi","Logging.lvlib:Registry.lvlib:Log.vi","Filter Test.vi"],"message":"1st","data":50}
{"level":"Info","timestamp":"2025-01-13T05:55:36.243Z","call chain":["Logging.lvlib:Logger.lvclass:Generate Log Record.vi","Logging.lvlib:Logger.lvclass:Log.vi","Logging.lvlib:Registry.lvlib:Registry.vi","Logging.lvlib:Registry.lvlib:Log.vi","Filter Test.vi"],"message":"2nd","data":51}
{"level":"Info","timestamp":"2025-01-13T05:55:36.244Z","call chain":["Logging.lvlib:Logger.lvclass:Generate Log Record.vi","Logging.lvlib:Logger.lvclass:Log.vi","Logging.lvlib:Registry.lvlib:Registry.vi","Logging.lvlib:Registry.lvlib:Log.vi","Filter Test.vi"],"message":"3rd","data":52}
{"level":"Info","timestamp":"2025-01-13T05:55:36.247Z","call chain":["Logging.lvlib:Logger.lvclass:Generate Log Record.vi","Logging.lvlib:Logger.lvclass:Log.vi","Logging.lvlib:Registry.lvlib:Registry.vi","Logging.lvlib:Registry.lvlib:Log.vi","Filter Test.vi"],"message":"1st","data":55}
{"level":"Info","timestamp":"2025-01-13T05:55:36.248Z","call chain":["Logging.lvlib:Logger.lvclass:Generate Log Record.vi","Logging.lvlib:Logger.lvclass:Log.vi","Logging.lvlib:Registry.lvlib:Registry.vi","Logging.lvlib:Registry.lvlib:Log.vi","Filter Test.vi"],"message":"2nd","data":56}
{"level":"Info","timestamp":"2025-01-13T05:55:36.249Z","call chain":["Logging.lvlib:Logger.lvclass:Generate Log Record.vi","Logging.lvlib:Logger.lvclass:Log.vi","Logging.lvlib:Registry.lvlib:Registry.vi","Logging.lvlib:Registry.lvlib:Log.vi","Filter Test.vi"],"message":"3rd","data":57}
{"level":"Info","timestamp":"2025-01-13T05:55:36.252Z","call chain":["Logging.lvlib:Logger.lvclass:Generate Log Record.vi","Logging.lvlib:Logger.lvclass:Log.vi","Logging.lvlib:Registry.lvlib:Registry.vi","Logging.lvlib:Registry.lvlib:Log.vi","Filter Test.vi"],"message":"1st","data":60}
{"level":"Info","timestamp":"2025-01-13T05:55:36.253Z","call chain":["Logging.lvlib:Logger.lvclass:Generate Log Record.vi","Logging.lvlib:Logger.lvclass:Log.vi","Logging.lvlib:Registry.lvlib:Registry.vi","Logging.lvlib:Registry.lvlib:Log.vi","Filter Test.vi"],"message":"2nd","data":61}
{"level":"Info","timestamp":"2025-01-13T05:55:36.254Z","call chain":["Logging.lvlib:Logger.lvclass:Generate Log Record.vi","Logging.lvlib:Logger.lvclass:Log.vi","Logging.lvlib:Registry.lvlib:Registry.vi","Logging.lvlib:Registry.lvlib:Log.vi","Filter Test.vi"],"message":"3rd","data":62}
{"level":"Info","timestamp":"2025-01-13T05:55:36.257Z","call chain":["Logging.lvlib:Logger.lvclass:Generate Log Record.vi","Logging.lvlib:Logger.lvclass:Log.vi","Logging.lvlib:Registry.lvlib:Registry.vi","Logging.lvlib:Registry.lvlib:Log.vi","Filter Test.vi"],"message":"1st","data":65}
{"level":"Info","timestamp":"2025-01-13T05:55:36.258Z","call chain":["Logging.lvlib:Logger.lvclass:Generate Log Record.vi","Logging.lvlib:Logger.lvclass:Log.vi","Logging.lvlib:Registry.lvlib:Registry.vi","Logging.lvlib:Registry.lvlib:Log.vi","Filter Test.vi"],"message":"2nd","data":66}
{"level":"Info","timestamp":"2025-01-13T05:55:36.259Z","call chain":["Logging.lvlib:Logger.lvclass:Generate Log Record.vi","Logging.lvlib:Logger.lvclass:Log.vi","Logging.lvlib:Registry.lvlib:Registry.vi","Logging.lvlib:Registry.lvlib:Log.vi","Filter Test.vi"],"message":"3rd","data":67}
{"level":"Info","timestamp":"2025-01-13T05:55:36.262Z","call chain":["Logging.lvlib:Logger.lvclass:Generate Log Record.vi","Logging.lvlib:Logger.lvclass:Log.vi","Logging.lvlib:Registry.lvlib:Registry.vi","Logging.lvlib:Registry.lvlib:Log.vi","Filter Test.vi"],"message":"1st","data":70}
{"level":"Info","timestamp":"2025-01-13T05:55:36.263Z","call chain":["Logging.lvlib:Logger.lvclass:Generate Log Record.vi","Logging.lvlib:Logger.lvclass:Log.vi","Logging.lvlib:Registry.lvlib:Registry.vi","Logging.lvlib:Registry.lvlib:Log.vi","Filter Test.vi"],"message":"2nd","data":71}
{"level":"Info","timestamp":"2025-01-13T05:55:36.264Z","call chain":["Logging.lvlib:Logger.lvclass:Generate Log Record.vi","Logging.lvlib:Logger.lvclass:Log.vi","Logging.lvlib:Registry.lvlib:Registry.vi","Logging.lvlib:Registry.lvlib:Log.vi","Filter Test.vi"],"message":"3rd","data":72}
{"level":"Info","timestamp":"2025-01-13T05:55:36.267Z","call chain":["Logging.lvlib:Logger.lvclass:Generate Log Record.vi","Logging.lvlib:Logger.lvclass:Log.vi","Logging.lvlib:Registry.lvlib:Registry.vi","Logging.lvlib:Registry.lvlib:Log.vi","Filter Test.vi"],"message":"1st","data":75}
{"level":"Info","timestamp":"2025-01-13T05:55:36.268Z","call chain":["Logging.lvlib:Logger.lvclass:Generate Log Record.vi","Logging.lvlib:Logger.lvclass:Log.vi","Logging.lvlib:Registry.lvlib:Registry.vi","Logging.lvlib:Registry.lvlib:Log.vi","Filter Test.vi"],"message":"2nd","data":76}
{"level":"Info","timestamp":"2025-01-13T05:55:36.269Z","call chain":["Logging.lvlib:Logger.lvclass:Generate Log Record.vi","Logging.lvlib:Logger.lvclass:Log.vi","Logging.lvlib:Registry.lvlib:Registry.vi","Logging.lvlib:Registry.lvlib:Log.vi","Filter Test.vi"],"message":"3rd","data":77}
{"level":"Info","timestamp":"2025-01-13T05:55:36.271Z","call chain":["Logging.lvlib:Logger.lvclass:Generate Log Record.vi","Logging.lvlib:Logger.lvclass:Log.vi","Logging.lvlib:Registry.lvlib:Registry.vi","Logging.lvlib:Registry.lvlib:Log.vi","Filter Test.vi"],"message":"1st","data":80}
{"level":"Info","timestamp":"2025-01-13T05:55:36.272Z","call chain":["Logging.lvlib:Logger.lvclass:Generate Log Record.vi","Logging.lvlib:Logger.lvclass:Log.vi","Logging.lvlib:Registry.lvlib:Registry.vi","Logging.lvlib:Registry.lvlib:Log.vi","Filter Test.vi"],"message":"2nd","data":81}
{"level":"Info","timestamp":"2025-01-13T05:55:36.273Z","call chain":["Logging.lvlib:Logger.lvclass:Generate Log Record.vi","Logging.lvlib:Logger.lvclass:Log.vi","Logging.lvlib:Registry.lvlib:Registry.vi","Logging.lvlib:Registry.lvlib:Log.vi","Filter Test.vi"],"message":"3rd","data":82}
{"level":"Info","timestamp":"2025-01-13T05:55:36.276Z","call chain":["Logging.lvlib:Logger.lvclass:Generate Log Record.vi","Logging.lvlib:Logger.lvclass:Log.vi","Logging.lvlib:Registry.lvlib:Registry.vi","Logging.lvlib:Registry.lvlib:Log.vi","Filter Test.vi"],"message":"1st","data":85}
{"level":"Info","timestamp":"2025-01-13T05:55:36.277Z","call chain":["Logging.lvlib:Logger.lvclass:Generate Log Record.vi","Logging.lvlib:Logger.lvclass:Log.vi","Logging.lvlib:Registry.lvlib:Registry.vi","Logging.lvlib:Registry.lvlib:Log.vi","Filter Test.vi"],"message":"2nd","data":86}
{"level":"Info","timestamp":"2025-01-13T05:55:36.278Z","call chain":["Logging.lvlib:Logger.lvclass:Generate Log Record.vi","Logging.lvlib:Logger.lvclass:Log.vi","Logging.lvlib:Registry.lvlib:Registry.vi","Logging.lvlib:Registry.lvlib:Log.vi","Filter Test.vi"],"message":"3rd","data":87}
{"level":"Info","timestamp":"2025-01-13T05:55:36.281Z","call chain":["Logging.lvlib:Logger.lvclass:Generate Log Record.vi","Logging.lvlib:Logger.lvclass:Log.vi","Logging.lvlib:Registry.lvlib:Registry.vi","Logging.lvlib:Registry.lvlib:Log.vi","Filter Test.vi"],"message":"1st","data":90}
{"level":"Info","timestamp":"2025-01-13T05:55:36.282Z","call chain":["Logging.lvlib:Logger.lvclass:Generate Log Record.vi","Logging.lvlib:Logger.lvclass:Log.vi","Logging.lvlib:Registry.lvlib:Registry.vi","Logging.lvlib:Registry.lvlib:Log.vi","Filter Test.vi"],"message":"2nd","data":91}
{"level":"Info","timestamp":"2025-01-13T05:55:36.283Z","call chain":["Logging.lvlib:Logger.lvclass:Generate Log Record.vi","Logging.lvlib:Logger.lvclass:Log.vi","Logging.lvlib:Registry.lvlib:Registry.vi","Logging.lvlib:Registry.lvlib:Log.vi","Filter Test.vi"],"message":"3rd","data":92}
{"level":"Info","timestamp":"2025-01-13T05:55:36.286Z","call chain":["Logging.lvlib:Logger.lvclass:Generate Log Record.vi","Logging.lvlib:Logger.lvclass:Log.vi","Logging.lvlib:Registry.lvlib:Registry.vi","Logging.lvlib:Registry.lvlib:Log.vi","Filter Test.vi"],"message":"1st","data":95}
{"level":"Info","timestamp":"2025-01-13T05:55:36.287Z","call chain":["Logging.lvlib:Logger.lvclass:Generate Log Record.vi","Logging.lvlib:Logger.lvclass:Log.vi","Logging.lvlib:Registry.lvlib:Registry.vi","Logging.lvlib:Registry.lvlib:Log.vi","Filter Test.vi"],"message":"2nd","data":96}
{"level":"Info","timestamp":"2025-01-13T05:55:36.288Z","call chain":["Logging.lvlib:Logger.lvclass:Generate Log Record.vi","Logging.lvlib:Logger.lvclass:Log.vi","Logging.lvlib:Registry.lvlib:Registry.vi","Logging.lvlib:Registry.lvlib:Log.vi","Filter Test.vi"],"message":"3rd","data":97}
{"level":"Internal","timestamp":"2025-01-13T05:55:36.298Z","call chain":["Logging.lvlib:Logger.lvclass:Generate Log Record.vi","Logging.lvlib:Logger.lvclass:Log Internal.vi","Logging.lvlib:Logger.lvclass:Destroy.vi","Filter Test.vi"],"message":"Logger Destroyed","data":null}
