{"level":"Internal","timestamp":"2025-01-14T04:36:55.943Z","call chain":["Logging.lvlib:Logger.lvclass:Generate Log Record.vi","Logging.lvlib:Logger.lvclass:Log Internal.vi","Logging.lvlib:Logger.lvclass:Enable.vi","Logging.lvlib:Logger.lvclass:New.vi","Combination Test.vi"],"message":"Logger Initialized","data":{"Name":"discard_all","Scope":"Logging.lvlib:Scope.lvclass","Filter":"Logging.lvlib:Combination.lvclass","Handler":"Logging.lvlib:File Handler.lvclass"}}
{"level":"Info","timestamp":"2025-01-14T04:36:55.949Z","call chain":["Logging.lvlib:Logger.lvclass:Generate Log Record.vi","Logging.lvlib:Logger.lvclass:Log.vi","Logging.lvlib:Registry.lvlib:Registry.vi","Logging.lvlib:Registry.lvlib:Log.vi","Combination Test.vi"],"message":"1AY","data":null}
{"level":"Info","timestamp":"2025-01-14T04:36:55.951Z","call chain":["Logging.lvlib:Logger.lvclass:Generate Log Record.vi","Logging.lvlib:Logger.lvclass:Log.vi","Logging.lvlib:Registry.lvlib:Registry.vi","Logging.lvlib:Registry.lvlib:Log.vi","Combination Test.vi"],"message":"1AZ","data":null}
{"level":"Info","timestamp":"2025-01-14T04:36:55.953Z","call chain":["Logging.lvlib:Logger.lvclass:Generate Log Record.vi","Logging.lvlib:Logger.lvclass:Log.vi","Logging.lvlib:Registry.lvlib:Registry.vi","Logging.lvlib:Registry.lvlib:Log.vi","Combination Test.vi"],"message":"1BX","data":null}
{"level":"Info","timestamp":"2025-01-14T04:36:55.955Z","call chain":["Logging.lvlib:Logger.lvclass:Generate Log Record.vi","Logging.lvlib:Logger.lvclass:Log.vi","Logging.lvlib:Registry.lvlib:Registry.vi","Logging.lvlib:Registry.lvlib:Log.vi","Combination Test.vi"],"message":"1BY","data":null}
{"level":"Info","timestamp":"2025-01-14T04:36:55.958Z","call chain":["Logging.lvlib:Logger.lvclass:Generate Log Record.vi","Logging.lvlib:Logger.lvclass:Log.vi","Logging.lvlib:Registry.lvlib:Registry.vi","Logging.lvlib:Registry.lvlib:Log.vi","Combination Test.vi"],"message":"1BZ","data":null}
{"level":"Info","timestamp":"2025-01-14T04:36:55.959Z","call chain":["Logging.lvlib:Logger.lvclass:Generate Log Record.vi","Logging.lvlib:Logger.lvclass:Log.vi","Logging.lvlib:Registry.lvlib:Registry.vi","Logging.lvlib:Registry.lvlib:Log.vi","Combination Test.vi"],"message":"1CX","data":null}
{"level":"Info","timestamp":"2025-01-14T04:36:55.962Z","call chain":["Logging.lvlib:Logger.lvclass:Generate Log Record.vi","Logging.lvlib:Logger.lvclass:Log.vi","Logging.lvlib:Registry.lvlib:Registry.vi","Logging.lvlib:Registry.lvlib:Log.vi","Combination Test.vi"],"message":"1CY","data":null}
{"level":"Info","timestamp":"2025-01-14T04:36:55.964Z","call chain":["Logging.lvlib:Logger.lvclass:Generate Log Record.vi","Logging.lvlib:Logger.lvclass:Log.vi","Logging.lvlib:Registry.lvlib:Registry.vi","Logging.lvlib:Registry.lvlib:Log.vi","Combination Test.vi"],"message":"1CZ","data":null}
{"level":"Info","timestamp":"2025-01-14T04:36:55.965Z","call chain":["Logging.lvlib:Logger.lvclass:Generate Log Record.vi","Logging.lvlib:Logger.lvclass:Log.vi","Logging.lvlib:Registry.lvlib:Registry.vi","Logging.lvlib:Registry.lvlib:Log.vi","Combination Test.vi"],"message":"2AX","data":null}
{"level":"Info","timestamp":"2025-01-14T04:36:55.968Z","call chain":["Logging.lvlib:Logger.lvclass:Generate Log Record.vi","Logging.lvlib:Logger.lvclass:Log.vi","Logging.lvlib:Registry.lvlib:Registry.vi","Logging.lvlib:Registry.lvlib:Log.vi","Combination Test.vi"],"message":"2AY","data":null}
{"level":"Info","timestamp":"2025-01-14T04:36:55.970Z","call chain":["Logging.lvlib:Logger.lvclass:Generate Log Record.vi","Logging.lvlib:Logger.lvclass:Log.vi","Logging.lvlib:Registry.lvlib:Registry.vi","Logging.lvlib:Registry.lvlib:Log.vi","Combination Test.vi"],"message":"2AZ","data":null}
{"level":"Info","timestamp":"2025-01-14T04:36:55.972Z","call chain":["Logging.lvlib:Logger.lvclass:Generate Log Record.vi","Logging.lvlib:Logger.lvclass:Log.vi","Logging.lvlib:Registry.lvlib:Registry.vi","Logging.lvlib:Registry.lvlib:Log.vi","Combination Test.vi"],"message":"2BX","data":null}
{"level":"Info","timestamp":"2025-01-14T04:36:55.975Z","call chain":["Logging.lvlib:Logger.lvclass:Generate Log Record.vi","Logging.lvlib:Logger.lvclass:Log.vi","Logging.lvlib:Registry.lvlib:Registry.vi","Logging.lvlib:Registry.lvlib:Log.vi","Combination Test.vi"],"message":"2BY","data":null}
{"level":"Info","timestamp":"2025-01-14T04:36:55.977Z","call chain":["Logging.lvlib:Logger.lvclass:Generate Log Record.vi","Logging.lvlib:Logger.lvclass:Log.vi","Logging.lvlib:Registry.lvlib:Registry.vi","Logging.lvlib:Registry.lvlib:Log.vi","Combination Test.vi"],"message":"2BZ","data":null}
{"level":"Info","timestamp":"2025-01-14T04:36:55.979Z","call chain":["Logging.lvlib:Logger.lvclass:Generate Log Record.vi","Logging.lvlib:Logger.lvclass:Log.vi","Logging.lvlib:Registry.lvlib:Registry.vi","Logging.lvlib:Registry.lvlib:Log.vi","Combination Test.vi"],"message":"2CX","data":null}
{"level":"Info","timestamp":"2025-01-14T04:36:55.981Z","call chain":["Logging.lvlib:Logger.lvclass:Generate Log Record.vi","Logging.lvlib:Logger.lvclass:Log.vi","Logging.lvlib:Registry.lvlib:Registry.vi","Logging.lvlib:Registry.lvlib:Log.vi","Combination Test.vi"],"message":"2CY","data":null}
{"level":"Info","timestamp":"2025-01-14T04:36:55.983Z","call chain":["Logging.lvlib:Logger.lvclass:Generate Log Record.vi","Logging.lvlib:Logger.lvclass:Log.vi","Logging.lvlib:Registry.lvlib:Registry.vi","Logging.lvlib:Registry.lvlib:Log.vi","Combination Test.vi"],"message":"2CZ","data":null}
{"level":"Info","timestamp":"2025-01-14T04:36:55.985Z","call chain":["Logging.lvlib:Logger.lvclass:Generate Log Record.vi","Logging.lvlib:Logger.lvclass:Log.vi","Logging.lvlib:Registry.lvlib:Registry.vi","Logging.lvlib:Registry.lvlib:Log.vi","Combination Test.vi"],"message":"3AX","data":null}
{"level":"Info","timestamp":"2025-01-14T04:36:55.987Z","call chain":["Logging.lvlib:Logger.lvclass:Generate Log Record.vi","Logging.lvlib:Logger.lvclass:Log.vi","Logging.lvlib:Registry.lvlib:Registry.vi","Logging.lvlib:Registry.lvlib:Log.vi","Combination Test.vi"],"message":"3AY","data":null}
{"level":"Info","timestamp":"2025-01-14T04:36:55.989Z","call chain":["Logging.lvlib:Logger.lvclass:Generate Log Record.vi","Logging.lvlib:Logger.lvclass:Log.vi","Logging.lvlib:Registry.lvlib:Registry.vi","Logging.lvlib:Registry.lvlib:Log.vi","Combination Test.vi"],"message":"3AZ","data":null}
{"level":"Info","timestamp":"2025-01-14T04:36:55.991Z","call chain":["Logging.lvlib:Logger.lvclass:Generate Log Record.vi","Logging.lvlib:Logger.lvclass:Log.vi","Logging.lvlib:Registry.lvlib:Registry.vi","Logging.lvlib:Registry.lvlib:Log.vi","Combination Test.vi"],"message":"3BX","data":null}
{"level":"Info","timestamp":"2025-01-14T04:36:55.993Z","call chain":["Logging.lvlib:Logger.lvclass:Generate Log Record.vi","Logging.lvlib:Logger.lvclass:Log.vi","Logging.lvlib:Registry.lvlib:Registry.vi","Logging.lvlib:Registry.lvlib:Log.vi","Combination Test.vi"],"message":"3BY","data":null}
{"level":"Info","timestamp":"2025-01-14T04:36:55.995Z","call chain":["Logging.lvlib:Logger.lvclass:Generate Log Record.vi","Logging.lvlib:Logger.lvclass:Log.vi","Logging.lvlib:Registry.lvlib:Registry.vi","Logging.lvlib:Registry.lvlib:Log.vi","Combination Test.vi"],"message":"3BZ","data":null}
{"level":"Info","timestamp":"2025-01-14T04:36:55.998Z","call chain":["Logging.lvlib:Logger.lvclass:Generate Log Record.vi","Logging.lvlib:Logger.lvclass:Log.vi","Logging.lvlib:Registry.lvlib:Registry.vi","Logging.lvlib:Registry.lvlib:Log.vi","Combination Test.vi"],"message":"3CX","data":null}
{"level":"Info","timestamp":"2025-01-14T04:36:55.999Z","call chain":["Logging.lvlib:Logger.lvclass:Generate Log Record.vi","Logging.lvlib:Logger.lvclass:Log.vi","Logging.lvlib:Registry.lvlib:Registry.vi","Logging.lvlib:Registry.lvlib:Log.vi","Combination Test.vi"],"message":"3CY","data":null}
{"level":"Info","timestamp":"2025-01-14T04:36:56.001Z","call chain":["Logging.lvlib:Logger.lvclass:Generate Log Record.vi","Logging.lvlib:Logger.lvclass:Log.vi","Logging.lvlib:Registry.lvlib:Registry.vi","Logging.lvlib:Registry.lvlib:Log.vi","Combination Test.vi"],"message":"3CZ","data":null}
{"level":"Internal","timestamp":"2025-01-14T04:36:56.011Z","call chain":["Logging.lvlib:Logger.lvclass:Generate Log Record.vi","Logging.lvlib:Logger.lvclass:Log Internal.vi","Logging.lvlib:Logger.lvclass:Destroy.vi","Combination Test.vi"],"message":"Logger Destroyed","data":null}
